<?xml version="1.0" encoding="UTF-8"?>
<testng-results ignored="0" total="6" passed="6" failed="0" skipped="0">
  <reporter-output>
  </reporter-output>
  <suite started-at="2022-07-19T23:14:04 IST" name="Suite" finished-at="2022-07-19T23:14:54 IST" duration-ms="50087">
    <groups>
      <group name="cucumber">
        <method signature="AbstractTestNGCucumberTests.runScenario(io.cucumber.testng.PickleWrapper,io.cucumber.testng.FeatureWrapper)[pri:0, instance:TestRunner.TestRunner1@73e9cf30]" name="runScenario" class="io.cucumber.testng.AbstractTestNGCucumberTests"/>
        <method signature="AbstractTestNGCucumberTests.runScenario(io.cucumber.testng.PickleWrapper,io.cucumber.testng.FeatureWrapper)[pri:0, instance:TestRunner.TestRunner2@534a5a98]" name="runScenario" class="io.cucumber.testng.AbstractTestNGCucumberTests"/>
      </group> <!-- cucumber -->
    </groups>
    <test started-at="2022-07-19T23:14:04 IST" name="Test" finished-at="2022-07-19T23:14:54 IST" duration-ms="50087">
      <class name="TestRunner.TestRunner1">
        <test-method is-config="true" signature="setUpClass()[pri:0, instance:TestRunner.TestRunner1@73e9cf30]" started-at="2022-07-19T23:14:04 IST" name="setUpClass" finished-at="2022-07-19T23:14:04 IST" duration-ms="930" status="PASS">
          <reporter-output>
          </reporter-output>
        </test-method> <!-- setUpClass -->
        <test-method signature="runScenario(io.cucumber.testng.PickleWrapper,io.cucumber.testng.FeatureWrapper)[pri:0, instance:TestRunner.TestRunner1@73e9cf30]" started-at="2022-07-19T23:14:04 IST" name="runScenario" description="Runs Cucumber Scenarios" data-provider="scenarios" finished-at="2022-07-19T23:14:16 IST" duration-ms="11066" status="PASS">
          <params>
            <param index="0">
              <value>
                <![CDATA["To validate that user is able to login the website using valid username and password"]]>
              </value>
            </param>
            <param index="1">
              <value>
                <![CDATA["Optional[To verify the login functionality.]"]]>
              </value>
            </param>
          </params>
          <reporter-output>
          </reporter-output>
        </test-method> <!-- runScenario -->
        <test-method signature="runScenario(io.cucumber.testng.PickleWrapper,io.cucumber.testng.FeatureWrapper)[pri:0, instance:TestRunner.TestRunner1@73e9cf30]" started-at="2022-07-19T23:14:16 IST" name="runScenario" description="Runs Cucumber Scenarios" data-provider="scenarios" finished-at="2022-07-19T23:14:23 IST" duration-ms="7356" status="PASS">
          <params>
            <param index="0">
              <value>
                <![CDATA["To validate that user is able to login the website using valid username and password"]]>
              </value>
            </param>
            <param index="1">
              <value>
                <![CDATA["Optional[To verify the login functionality.]"]]>
              </value>
            </param>
          </params>
          <reporter-output>
          </reporter-output>
        </test-method> <!-- runScenario -->
        <test-method signature="runScenario(io.cucumber.testng.PickleWrapper,io.cucumber.testng.FeatureWrapper)[pri:0, instance:TestRunner.TestRunner1@73e9cf30]" started-at="2022-07-19T23:14:23 IST" name="runScenario" description="Runs Cucumber Scenarios" data-provider="scenarios" finished-at="2022-07-19T23:14:31 IST" duration-ms="7782" status="PASS">
          <params>
            <param index="0">
              <value>
                <![CDATA["To validate that all the product displayed properly"]]>
              </value>
            </param>
            <param index="1">
              <value>
                <![CDATA["Optional[To verify the login functionality.]"]]>
              </value>
            </param>
          </params>
          <reporter-output>
          </reporter-output>
        </test-method> <!-- runScenario -->
        <test-method is-config="true" signature="tearDownClass()[pri:0, instance:TestRunner.TestRunner1@73e9cf30]" started-at="2022-07-19T23:14:31 IST" name="tearDownClass" finished-at="2022-07-19T23:14:31 IST" duration-ms="350" status="PASS">
          <reporter-output>
          </reporter-output>
        </test-method> <!-- tearDownClass -->
      </class> <!-- TestRunner.TestRunner1 -->
      <class name="TestRunner.TestRunner2">
        <test-method is-config="true" signature="setUpClass()[pri:0, instance:TestRunner.TestRunner2@534a5a98]" started-at="2022-07-19T23:14:31 IST" name="setUpClass" finished-at="2022-07-19T23:14:31 IST" duration-ms="40" status="PASS">
          <reporter-output>
          </reporter-output>
        </test-method> <!-- setUpClass -->
        <test-method signature="runScenario(io.cucumber.testng.PickleWrapper,io.cucumber.testng.FeatureWrapper)[pri:0, instance:TestRunner.TestRunner2@534a5a98]" started-at="2022-07-19T23:14:31 IST" name="runScenario" description="Runs Cucumber Scenarios" data-provider="scenarios" finished-at="2022-07-19T23:14:37 IST" duration-ms="6108" status="PASS">
          <params>
            <param index="0">
              <value>
                <![CDATA["Verification of browser."]]>
              </value>
            </param>
            <param index="1">
              <value>
                <![CDATA["Optional[Feature to test the functionality of browser.]"]]>
              </value>
            </param>
          </params>
          <reporter-output>
          </reporter-output>
        </test-method> <!-- runScenario -->
        <test-method signature="runScenario(io.cucumber.testng.PickleWrapper,io.cucumber.testng.FeatureWrapper)[pri:0, instance:TestRunner.TestRunner2@534a5a98]" started-at="2022-07-19T23:14:37 IST" name="runScenario" description="Runs Cucumber Scenarios" data-provider="scenarios" finished-at="2022-07-19T23:14:45 IST" duration-ms="7622" status="PASS">
          <params>
            <param index="0">
              <value>
                <![CDATA["Checking the functionality for valid data."]]>
              </value>
            </param>
            <param index="1">
              <value>
                <![CDATA["Optional[To verify the login functionality.]"]]>
              </value>
            </param>
          </params>
          <reporter-output>
          </reporter-output>
        </test-method> <!-- runScenario -->
        <test-method signature="runScenario(io.cucumber.testng.PickleWrapper,io.cucumber.testng.FeatureWrapper)[pri:0, instance:TestRunner.TestRunner2@534a5a98]" started-at="2022-07-19T23:14:45 IST" name="runScenario" description="Runs Cucumber Scenarios" data-provider="scenarios" finished-at="2022-07-19T23:14:54 IST" duration-ms="8706" status="PASS">
          <params>
            <param index="0">
              <value>
                <![CDATA["Checking the functionality for valid data."]]>
              </value>
            </param>
            <param index="1">
              <value>
                <![CDATA["Optional[To verify the login functionality.]"]]>
              </value>
            </param>
          </params>
          <reporter-output>
          </reporter-output>
        </test-method> <!-- runScenario -->
        <test-method is-config="true" signature="tearDownClass()[pri:0, instance:TestRunner.TestRunner2@534a5a98]" started-at="2022-07-19T23:14:54 IST" name="tearDownClass" finished-at="2022-07-19T23:14:54 IST" duration-ms="49" status="PASS">
          <reporter-output>
          </reporter-output>
        </test-method> <!-- tearDownClass -->
      </class> <!-- TestRunner.TestRunner2 -->
    </test> <!-- Test -->
  </suite> <!-- Suite -->
</testng-results>
