<?xml version="1.0" encoding="UTF-8"?>
<testsuite xmlns:xsi="http://www.w3.org/2001/XMLSchema-instance" xsi:noNamespaceSchemaLocation="https://maven.apache.org/surefire/maven-surefire-plugin/xsd/surefire-test-report.xsd" name="TestSuite" time="51.1" tests="6" errors="0" skipped="0" failures="0">
  <properties>
[...]
</properties>
  <testcase name="runScenario" classname="TestRunner.TestRunner1" time="11.067"/>
  <testcase name="runScenario" classname="TestRunner.TestRunner1" time="7.355"/>
  <testcase name="runScenario" classname="TestRunner.TestRunner1" time="7.783"/>
  <testcase name="runScenario" classname="TestRunner.TestRunner2" time="6.108"/>
  <testcase name="runScenario" classname="TestRunner.TestRunner2" time="7.623"/>
  <testcase name="runScenario" classname="TestRunner.TestRunner2" time="8.706"/>
</testsuite>